1763680731240709: THREAD 1 WAITING FOR MY TURN
1763680731240966: THREAD 1 AWAKENED FOR WORK
1763680731241030: THREAD 3 WAITING FOR MY TURN
1763680731241208: THREAD 2 WAITING FOR MY TURN
1763680731241259: THREAD 4 WAITING FOR MY TURN
1763680731241297: THREAD 1 INSERT,2500551319,Richard Garriot,40000
1763680731241376: THREAD 1 WRITE LOCK ACQUIRED
1763680731241389: THREAD 1 WRITE LOCK RELEASED
1763680731241419: THREAD 5 WAITING FOR MY TURN
1763680731241481: THREAD 2 AWAKENED FOR WORK
1763680731241550: THREAD 2 INSERT,3449751099,Sid Meier,50000
1763680731241582: THREAD 2 WRITE LOCK ACQUIRED
1763680731241814: THREAD 2 WRITE LOCK RELEASED
1763680731241901: THREAD 6 WAITING FOR MY TURN
1763680731242079: THREAD 7 WAITING FOR MY TURN
1763680731242224: THREAD 3 AWAKENED FOR WORK
1763680731242277: THREAD 8 WAITING FOR MY TURN
1763680731242294: THREAD 3 INSERT,1874280167,Shigeru Miyamoto,51000
1763680731242352: THREAD 3 WRITE LOCK ACQUIRED
1763680731242362: THREAD 3 WRITE LOCK RELEASED
1763680731242434: THREAD 4 AWAKENED FOR WORK
1763680731242501: THREAD 9 WAITING FOR MY TURN
1763680731242536: THREAD 4 DELETE,3449751099,Sid Meier
1763680731242580: THREAD 4 WRITE LOCK ACQUIRED
1763680731242592: THREAD 4 WRITE LOCK RELEASED
1763680731242607: THREAD 10 WAITING FOR MY TURN
1763680731242624: THREAD 5 AWAKENED FOR WORK
1763680731242682: THREAD 5 INSERT,2569965317,Hideo Kojima,45000
1763680731242716: THREAD 5 WRITE LOCK ACQUIRED
1763680731242722: THREAD 5 WRITE LOCK RELEASED
1763680731242736: THREAD 6 AWAKENED FOR WORK
1763680731242789: THREAD 6 INSERT,448054155,Gabe Newell,49000
1763680731242795: THREAD 6 WRITE LOCK ACQUIRED
1763680731242830: THREAD 6 WRITE LOCK RELEASED
1763680731242925: THREAD 7 AWAKENED FOR WORK
1763680731242948: THREAD 7 INSERT,909366975,Roberta Williams,45900
1763680731242956: THREAD 7 WRITE LOCK ACQUIRED
1763680731242998: THREAD 7 WRITE LOCK RELEASED
1763680731243169: THREAD 8 AWAKENED FOR WORK
1763680731243195: THREAD 8 DELETE,2500551319,Richard Garriot
1763680731243219: THREAD 8 WRITE LOCK ACQUIRED
1763680731243235: THREAD 8 WRITE LOCK RELEASED
1763680731243362: THREAD 9 AWAKENED FOR WORK
1763680731243406: THREAD 9 INSERT,660427450,Carol Shaw,41000
1763680731243414: THREAD 9 WRITE LOCK ACQUIRED
1763680731243426: THREAD 9 WRITE LOCK RELEASED
1763680731243447: THREAD 10 AWAKENED FOR WORK
1763680731243457: THREAD 10 SEARCH,3449751099,Sid Meier
1763680731243520: THREAD 10 READ LOCK ACQUIRED
1763680731243588: THREAD 10 READ LOCK RELEASED
